<?xml version="1.0" encoding="UTF-8"?>
<!-- Generated by org.testng.reporters.JUnitReportReporter -->
<testsuite hostname="DESKTOP-O2MGJE7" failures="0" tests="1" name="scripts.TestCase2" time="84.182" errors="0" timestamp="2023-01-05T13:27:11 IST" skipped="0">
  <testcase classname="scripts.TestCase2" name="tc2" time="84.182"/>
  <system-out/>
</testsuite> <!-- scripts.TestCase2 -->
