<?xml version="1.0" encoding="UTF-8"?>
<!-- Generated by org.testng.reporters.JUnitReportReporter -->
<testsuite hostname="DESKTOP-O2MGJE7" failures="0" tests="1" name="scripts.TestCase3" time="51.229" errors="0" timestamp="2023-01-01T19:17:42 IST" skipped="0">
  <testcase classname="scripts.TestCase3" name="tc3" time="51.229"/>
  <system-out/>
</testsuite> <!-- scripts.TestCase3 -->
