<?xml version="1.0" encoding="UTF-8"?>
<!-- Generated by org.testng.reporters.JUnitReportReporter -->
<testsuite hostname="DESKTOP-O2MGJE7" failures="0" tests="1" name="scripts.TestCase1" time="15.401" errors="0" timestamp="2023-01-06T21:31:34 IST" skipped="0">
  <testcase classname="scripts.TestCase1" name="Tc1" time="15.401"/>
  <system-out/>
</testsuite> <!-- scripts.TestCase1 -->
