<?xml version="1.0" encoding="UTF-8"?>
<!-- Generated by org.testng.reporters.JUnitReportReporter -->
<testsuite hostname="DESKTOP-O2MGJE7" failures="0" tests="1" name="scripts.TestCase1" time="111.425" errors="0" timestamp="2023-01-05T14:13:22 IST" skipped="0">
  <testcase classname="scripts.TestCase1" name="Tc1" time="111.425"/>
  <system-out/>
</testsuite> <!-- scripts.TestCase1 -->
